<component name="libraryTable">
  <library name="junit_junit_4.8_test">
    <CLASSES>
      <root url="jar://$USER_HOME$/.ivy2/cache/junit/junit/jars/junit-4.8.jar!/" />
    </CLASSES>
    <JAVADOC />
    <SOURCES>
      <root url="jar://$USER_HOME$/.ivy2/cache/junit/junit/srcs/junit-4.8-sources.jar!/" />
    </SOURCES>
  </library>
</component>